[2026-07-23T04:07:37.044Z] GET /api/health 200 22ms 完成 traceId=tr-6edbbb7a-8edf-4ee6-b6fc-f1004b285876
[2026-07-23T04:08:21.450Z] GET /api/conversations?projectId=all 200 4ms 完成 traceId=tr-21267487-d929-4e07-b84e-70c4265980db
[2026-07-23T04:08:21.470Z] GET /api/projects 200 34ms 完成 traceId=tr-a2240373-89ef-473e-889a-e5a3b5ef43cd
[2026-07-23T04:08:21.587Z] GET /api/conversations?projectId=all 200 3ms 完成 traceId=tr-1df298b8-a08f-4118-9ae5-0e96e42a6f24
[2026-07-23T04:08:21.656Z] POST /api/conversations 200 8ms 完成 traceId=tr-3abff165-28b1-40af-820f-3475445513d1
[2026-07-23T04:08:21.718Z] POST /api/conversations 200 3ms 完成 traceId=tr-7cf26175-3c05-4087-8bcc-b4d98a94a573
[2026-07-23T04:08:21.781Z] GET /api/conversations/c-0e6bc126-68dd-4508-a161-0e05654b85a3/messages 200 3ms 完成 traceId=tr-b02a8049-14d7-4daa-b2bb-81299f828b3e
[2026-07-23T04:08:21.790Z] GET /api/images?conversationId=c-0e6bc126-68dd-4508-a161-0e05654b85a3 200 3ms 完成 traceId=tr-960f17e3-7133-4aec-bf46-9f8c8a43f2f4
[2026-07-23T04:08:21.809Z] GET /api/videos?conversationId=c-0e6bc126-68dd-4508-a161-0e05654b85a3 200 3ms 完成 traceId=tr-21d4a54e-e003-46a6-ab6c-dc41dddd64ef
[2026-07-23T04:08:21.878Z] GET /api/conversations/c-7c71e2e2-d33e-429b-b6a3-acb11caa61ba/messages 200 3ms 完成 traceId=tr-dfde23ff-754d-49d2-8008-448fa2cab3af
[2026-07-23T04:08:21.883Z] GET /api/images?conversationId=c-7c71e2e2-d33e-429b-b6a3-acb11caa61ba 200 3ms 完成 traceId=tr-775d613d-a558-40ce-9931-8bb3151e5f2a
[2026-07-23T04:08:21.898Z] GET /api/videos?conversationId=c-7c71e2e2-d33e-429b-b6a3-acb11caa61ba 200 2ms 完成 traceId=tr-cbd6876b-f56b-48e8-bd3e-61bdf74e37ea
[2026-07-23T04:08:23.595Z] POST /api/chat 200 20ms 完成 traceId=tr-feb27e6d-8ba0-4760-ab76-f79006462ecc
[2026-07-23T04:08:23.660Z] GET /api/conversations/c-7c71e2e2-d33e-429b-b6a3-acb11caa61ba/messages 200 2ms 完成 traceId=tr-5538854c-d454-4994-9a3f-52eaf533c375
[2026-07-23T04:08:23.710Z] GET /api/conversations?projectId=all 200 3ms 完成 traceId=tr-f95d998d-9900-4a38-8491-06bc8c33d029
[2026-07-23T04:08:23.969Z] GET /api/images?conversationId=c-7c71e2e2-d33e-429b-b6a3-acb11caa61ba 200 3ms 完成 traceId=tr-b5e17ae2-0e0b-4886-abc9-d3486757d70b
[2026-07-23T04:08:24.552Z] POST /api/images/generate 200 9ms 完成 traceId=tr-2b3d8010-5dbf-4727-a284-be39de2a7154
[2026-07-23T04:08:24.647Z] GET /api/images?conversationId=c-7c71e2e2-d33e-429b-b6a3-acb11caa61ba 200 2ms 完成 traceId=tr-29462aa4-8eee-4478-ba7e-e6eefb09c9a8
[2026-07-23T04:08:24.710Z] GET /api/conversations?projectId=all 200 3ms 完成 traceId=tr-5027b478-50a4-4185-a539-8c40881959bd
[2026-07-23T04:08:35.517Z] GET /api/videos?conversationId=c-7c71e2e2-d33e-429b-b6a3-acb11caa61ba 200 2ms 完成 traceId=tr-930b5afd-ecc6-4ac0-8ed9-2abb6d4f9d99
[2026-07-23T04:08:37.028Z] POST /api/videos/generate 200 12ms 完成 traceId=tr-29d7b550-bf34-486d-9a60-490d89ff07a4
[2026-07-23T04:08:37.086Z] GET /api/videos?conversationId=c-7c71e2e2-d33e-429b-b6a3-acb11caa61ba 200 3ms 完成 traceId=tr-473c4503-a1db-40e0-9909-5b8b26233e59
[2026-07-23T04:08:37.128Z] GET /api/conversations?projectId=all 200 2ms 完成 traceId=tr-2f439bc7-146b-491f-8487-6c1418478121
[2026-07-23T04:16:41.072Z] GET /api/health 200 33ms 完成 traceId=tr-19c4a908-5633-4b1d-aba8-84983ac98dd3
[2026-07-23T04:24:22.331Z] GET /api/health 200 22ms 完成 traceId=tr-7218658e-24d7-4c4b-848b-592c704870f7
[2026-07-23T04:24:38.892Z] GET /api/conversations?projectId=all 200 4ms 完成 traceId=tr-120f5ed0-219a-4884-a02f-ce8e40f43ce0
[2026-07-23T04:24:38.927Z] GET /api/conversations?projectId=all 200 4ms 完成 traceId=tr-7d03c762-7c28-4373-be23-ed47a7471bb2
[2026-07-23T04:24:38.933Z] GET /api/projects 200 53ms 完成 traceId=tr-26e5928a-2880-45e2-8ec0-019e7e28e87d
[2026-07-23T04:24:38.960Z] POST /api/conversations 200 7ms 完成 traceId=tr-7b075143-415d-49ff-a6f0-8612e0402446
[2026-07-23T04:24:38.968Z] POST /api/conversations 200 6ms 完成 traceId=tr-4743b4ea-b63c-4055-844d-9913c7f8f129
[2026-07-23T04:24:38.997Z] GET /api/conversations/c-d5954714-d24e-4a9a-beea-8422d90aa751/messages 200 3ms 完成 traceId=tr-54ceaf4d-9481-4b03-bdb5-a340d423f8a5
[2026-07-23T04:24:39.002Z] GET /api/images?conversationId=c-d5954714-d24e-4a9a-beea-8422d90aa751 200 3ms 完成 traceId=tr-153ae182-a55d-4964-bd36-23209f273dc0
[2026-07-23T04:24:39.009Z] GET /api/videos?conversationId=c-d5954714-d24e-4a9a-beea-8422d90aa751 200 3ms 完成 traceId=tr-3d4af2a2-a7bc-4b5f-8e12-38b8d0fbe2d8
[2026-07-23T04:24:39.041Z] GET /api/images?conversationId=c-829b30de-b4a5-44b7-a61c-d1f2a1a4f8c5 200 2ms 完成 traceId=tr-da45b161-ec48-4d78-ab01-4ed42a95c136
[2026-07-23T04:24:39.059Z] GET /api/conversations/c-829b30de-b4a5-44b7-a61c-d1f2a1a4f8c5/messages 200 8ms 完成 traceId=tr-a69f2fb8-0023-4c7d-97b9-29a1b105400d
[2026-07-23T04:24:39.066Z] GET /api/videos?conversationId=c-829b30de-b4a5-44b7-a61c-d1f2a1a4f8c5 200 3ms 完成 traceId=tr-9666148f-79b2-477f-bc6c-f9b58bbd4bcb
[2026-07-23T04:24:40.354Z] POST /api/chat 200 19ms 完成 traceId=tr-6f624e53-e490-4242-9843-9a2e4b24668b
[2026-07-23T04:24:40.378Z] GET /api/conversations/c-829b30de-b4a5-44b7-a61c-d1f2a1a4f8c5/messages 200 2ms 完成 traceId=tr-f42cc4ad-9dde-49a0-9668-f258c4e4ec0c
[2026-07-23T04:24:40.397Z] GET /api/conversations?projectId=all 200 2ms 完成 traceId=tr-1b817e4a-e94e-45dd-be09-d164f6ce5adb
[2026-07-23T04:24:40.944Z] GET /api/images?conversationId=c-829b30de-b4a5-44b7-a61c-d1f2a1a4f8c5 200 2ms 完成 traceId=tr-7760868e-8567-456f-9f93-a5ab48285f1b
[2026-07-23T04:24:41.880Z] POST /api/images/generate 200 8ms 完成 traceId=tr-39b70453-0f31-41d0-bb09-17567763f1ad
[2026-07-23T04:24:41.917Z] GET /api/images?conversationId=c-829b30de-b4a5-44b7-a61c-d1f2a1a4f8c5 200 5ms 完成 traceId=tr-8c78d7f1-6369-45a8-b308-c40c8fc38156
[2026-07-23T04:24:42.256Z] GET /api/conversations?projectId=all 200 3ms 完成 traceId=tr-9f0ae333-5535-48b6-b5bf-6128e573cb25
[2026-07-23T04:24:43.636Z] GET /api/images/img-75ebb504-4c33-46e5-9eeb-2c8c20059aeb 200 2ms 完成 traceId=tr-2cacf20d-720e-44ef-a213-4ad14e05cade
[2026-07-23T04:24:44.434Z] GET /api/videos?conversationId=c-829b30de-b4a5-44b7-a61c-d1f2a1a4f8c5 200 3ms 完成 traceId=tr-29078544-d2f4-4e94-856a-87dc394e0ed0
[2026-07-23T04:24:46.353Z] POST /api/videos/generate 200 13ms 完成 traceId=tr-7479fa5e-d86b-475c-9a4d-a97c2c524f1b
[2026-07-23T04:24:46.372Z] GET /api/videos?conversationId=c-829b30de-b4a5-44b7-a61c-d1f2a1a4f8c5 200 3ms 完成 traceId=tr-da109628-6bfb-4188-bda3-c9e526b69d95
[2026-07-23T04:24:46.397Z] GET /api/conversations?projectId=all 200 2ms 完成 traceId=tr-b783f572-065c-4a3e-9c08-59fa5a0b7aea
